<?xml version="1.0" encoding="utf-8" ?>
<!DOCTYPE html PUBLIC "-//W3C//DTD XHTML 1.0 Strict//EN"
        "http://www.w3.org/TR/xhtml1/DTD/xhtml1-strict.dtd">
<html xmlns="http://www.w3.org/1999/xhtml" xml:lang="" lang="">
<head>
  <title>Test Results Report - Default test</title>
  <meta http-equiv="Content-Type" content="text/html;charset=utf-8" />
  <meta name="description" content="TestNG unit test results." />
  <link href="reportng.css" rel="stylesheet" type="text/css" />
    <script type="text/javascript" src="reportng.js"></script>
</head>
<body>
<h1>Default test</h1>
<p>
  Test duration: 146,464s
</p>



  <table class="resultsTable">
    <tr><th colspan="3" class="header failed">Failed Tests</th></tr>
          <tr>
        <td colspan="3" class="group">by.artushevskaya.bookingTransAvia.test.MainTest</td>
      </tr>
            
<tr>
  <td class="method">
                  checkingCostMultipleDestinationsFlight
      </td>
  <td class="duration">
    34,546s
  </td>
  <td class="result">
        
    
            <div class="testOutput">
                         INFO&nbsp;&nbsp;&nbsp; MainTest# 238: test case ID9<br/>
<br />
                                 WARN&nbsp;&nbsp;&nbsp; MainTest# 240: start &apos;navigate&apos;<br/>
<br />
                                 INFO&nbsp;&nbsp;&nbsp; MainTest# 243: finish &apos;navigate&apos;<br/>
<br />
                                 WARN&nbsp;&nbsp;&nbsp; MainTest# 245: start &apos;bookFlightMultipleDestinationsPage&apos;<br/>
<br />
                                 INFO&nbsp;&nbsp;&nbsp; MainTest# 247: finish &apos;bookFlightMultipleDestinationsPage&apos;<br/>
<br />
                                 WARN&nbsp;&nbsp;&nbsp; MainTest# 249: start &apos;fillingOutboundFlight&apos;<br/>
<br />
                                 INFO&nbsp;&nbsp;&nbsp; MainTest# 254: finish &apos;fillingOutboundFlight&apos;<br/>
<br />
                                 WARN&nbsp;&nbsp;&nbsp; MainTest# 256: start &apos;fillingInboundFlight&apos;<br/>
<br />
                                 INFO&nbsp;&nbsp;&nbsp; MainTest# 259: finish &apos;fillingInboundFlight&apos;<br/>
<br />
                                 WARN&nbsp;&nbsp;&nbsp; MainTest# 261: start &apos;search flight multiple destinations&apos;<br/>
<br />
                                 INFO&nbsp;&nbsp;&nbsp; MainTest# 263: finish &apos;search flight multiple destinations&apos;<br/>
<br />
                                 WARN&nbsp;&nbsp;&nbsp; MainTest# 265: start &apos;timingOutboundDepartureFlight&apos;<br/>
<br />
                                 INFO&nbsp;&nbsp;&nbsp; MainTest# 267: finish &apos;timingOutboundDepartureFlight&apos;<br/>
<br />
                                 WARN&nbsp;&nbsp;&nbsp; MainTest# 269: start &apos;timingInboundDepartureFlight&apos;<br/>
<br />
                                 INFO&nbsp;&nbsp;&nbsp; MainTest# 271: finish &apos;timingInboundDepartureFlight&apos;<br/>
<br />
                                 WARN&nbsp;&nbsp;&nbsp; MainTest# 273: start &apos;getTotalAmount&apos;<br/>
<br />
                  </div>
    

        <a href="javascript:toggleElement('exception-0', 'block')" title="Click to expand/collapse"><b>org.openqa.selenium.NoSuchElementException: Unable to locate element: .//*[@id=&apos;top&apos;]/form/div[1]/div/footer/div/div/section/div/div/div[2]/div/div/div[2]<br/>
For documentation on this error, please visit: http://seleniumhq.org/exceptions/no_such_element.html<br/>
Build info: version: &apos;3.5.3&apos;, revision: &apos;a88d25fe6b&apos;, time: &apos;2017-08-29T12:42:44.417Z&apos;<br/>
System info: host: &apos;ALLA-PC&apos;, ip: &apos;192.168.100.12&apos;, os.name: &apos;Windows 7&apos;, os.arch: &apos;amd64&apos;, os.version: &apos;6.1&apos;, java.version: &apos;1.8.0_121&apos;<br/>
Driver info: org.openqa.selenium.firefox.FirefoxDriver<br/>
Capabilities [{moz:profile=C:\Users\Alla\AppData\Local\Temp\rust_mozprofile.3fYGekVgQUZM, rotatable=false, timeouts={implicit=0, pageLoad=300000, script=30000}, pageLoadStrategy=normal, platform=XP, specificationLevel=0, moz:accessibilityChecks=false, acceptInsecureCerts=false, browserVersion=54.0, platformVersion=6.1, moz:processID=6424, browserName=firefox, javascriptEnabled=true, platformName=XP}]<br/>
Session ID: 7ce9a45a-fd51-44ec-8ca2-a1e0969af20a<br/>
*** Element info: {Using=xpath, value=.//*[@id=&apos;top&apos;]/form/div[1]/div/footer/div/div/section/div/div/div[2]/div/div/div[2]}</b></a><br />
    <div class="stackTrace" id="exception-0">
              sun.reflect.NativeConstructorAccessorImpl.newInstance0(Native Method)<br />
              sun.reflect.NativeConstructorAccessorImpl.newInstance(NativeConstructorAccessorImpl.java:62)<br />
              sun.reflect.DelegatingConstructorAccessorImpl.newInstance(DelegatingConstructorAccessorImpl.java:45)<br />
              java.lang.reflect.Constructor.newInstance(Constructor.java:423)<br />
              org.openqa.selenium.remote.http.W3CHttpResponseCodec.createException(W3CHttpResponseCodec.java:185)<br />
              org.openqa.selenium.remote.http.W3CHttpResponseCodec.decode(W3CHttpResponseCodec.java:120)<br />
              org.openqa.selenium.remote.http.W3CHttpResponseCodec.decode(W3CHttpResponseCodec.java:49)<br />
              org.openqa.selenium.remote.HttpCommandExecutor.execute(HttpCommandExecutor.java:164)<br />
              org.openqa.selenium.remote.service.DriverCommandExecutor.execute(DriverCommandExecutor.java:82)<br />
              org.openqa.selenium.remote.RemoteWebDriver.execute(RemoteWebDriver.java:646)<br />
              org.openqa.selenium.remote.RemoteWebDriver.findElement(RemoteWebDriver.java:416)<br />
              org.openqa.selenium.remote.RemoteWebDriver.findElementByXPath(RemoteWebDriver.java:518)<br />
              org.openqa.selenium.By$ByXPath.findElement(By.java:361)<br />
              org.openqa.selenium.remote.RemoteWebDriver.findElement(RemoteWebDriver.java:408)<br />
              org.openqa.selenium.support.pagefactory.DefaultElementLocator.findElement(DefaultElementLocator.java:69)<br />
              org.openqa.selenium.support.pagefactory.internal.LocatingElementHandler.invoke(LocatingElementHandler.java:38)<br />
              com.sun.proxy.$Proxy9.getText(Unknown Source)<br />
              by.artushevskaya.bookingTransAvia.pageobject.BookFlightMultipleDestinationsPage.getTotalAmount(BookFlightMultipleDestinationsPage.java:141)<br />
              by.artushevskaya.bookingTransAvia.test.MainTest.checkingCostMultipleDestinationsFlight(MainTest.java:274)<br />
              sun.reflect.NativeMethodAccessorImpl.invoke0(Native Method)<br />
              sun.reflect.NativeMethodAccessorImpl.invoke(NativeMethodAccessorImpl.java:62)<br />
              sun.reflect.DelegatingMethodAccessorImpl.invoke(DelegatingMethodAccessorImpl.java:43)<br />
              java.lang.reflect.Method.invoke(Method.java:498)<br />
              org.testng.internal.MethodInvocationHelper.invokeMethod(MethodInvocationHelper.java:108)<br />
              org.testng.internal.Invoker.invokeMethod(Invoker.java:661)<br />
              org.testng.internal.Invoker.invokeTestMethod(Invoker.java:869)<br />
              org.testng.internal.Invoker.invokeTestMethods(Invoker.java:1193)<br />
              org.testng.internal.TestMethodWorker.invokeTestMethods(TestMethodWorker.java:126)<br />
              org.testng.internal.TestMethodWorker.run(TestMethodWorker.java:109)<br />
              org.testng.TestRunner.privateRun(TestRunner.java:744)<br />
              org.testng.TestRunner.run(TestRunner.java:602)<br />
              org.testng.SuiteRunner.runTest(SuiteRunner.java:380)<br />
              org.testng.SuiteRunner.runSequentially(SuiteRunner.java:375)<br />
              org.testng.SuiteRunner.privateRun(SuiteRunner.java:340)<br />
              org.testng.SuiteRunner.run(SuiteRunner.java:289)<br />
              org.testng.SuiteRunnerWorker.runSuite(SuiteRunnerWorker.java:52)<br />
              org.testng.SuiteRunnerWorker.run(SuiteRunnerWorker.java:86)<br />
              org.testng.TestNG.runSuitesSequentially(TestNG.java:1301)<br />
              org.testng.TestNG.runSuitesLocally(TestNG.java:1226)<br />
              org.testng.TestNG.runSuites(TestNG.java:1144)<br />
              org.testng.TestNG.run(TestNG.java:1115)<br />
              org.testng.remote.AbstractRemoteTestNG.run(AbstractRemoteTestNG.java:114)<br />
              org.testng.remote.RemoteTestNG.initAndRun(RemoteTestNG.java:251)<br />
              org.testng.remote.RemoteTestNG.main(RemoteTestNG.java:77)<br />
                </div>
      </td>
</tr>
<tr>
  <td class="method">
                  checkingTotalCostTickets
      </td>
  <td class="duration">
    20,317s
  </td>
  <td class="result">
        
    
            <div class="testOutput">
                         INFO&nbsp;&nbsp;&nbsp; MainTest#&nbsp; 82: test case ID2<br/>
<br />
                                 WARN&nbsp;&nbsp;&nbsp; MainTest#&nbsp; 84: start &apos;navigate&apos;<br/>
<br />
                                 INFO&nbsp;&nbsp;&nbsp; MainTest#&nbsp; 87: finish &apos;navigate&apos;<br/>
<br />
                                 WARN&nbsp;&nbsp;&nbsp; MainTest#&nbsp; 89: start &apos;fillingDepartureStationField&apos;<br/>
<br />
                                 INFO&nbsp;&nbsp;&nbsp; MainTest#&nbsp; 91: finish &apos;fillingDepartureStationField&apos;<br/>
<br />
                                 WARN&nbsp;&nbsp;&nbsp; MainTest#&nbsp; 93: start &apos;fillingArrivalStationField&apos;<br/>
<br />
                                 INFO&nbsp;&nbsp;&nbsp; MainTest#&nbsp; 95: finish &apos;fillingArrivalStationField&apos;<br/>
<br />
                                 WARN&nbsp;&nbsp;&nbsp; MainTest#&nbsp; 97: start &apos;inputPassengers&apos;<br/>
<br />
                                 INFO&nbsp;&nbsp;&nbsp; MainTest#&nbsp; 99: finish &apos;inputPassengers&apos;<br/>
<br />
                                 WARN&nbsp;&nbsp;&nbsp; MainTest# 101: start &apos;bookFlightPage&apos;<br/>
<br />
                                 INFO&nbsp;&nbsp;&nbsp; MainTest# 103: finish &apos;bookFlightPage&apos;<br/>
<br />
                                 WARN&nbsp;&nbsp;&nbsp; MainTest# 105: start &apos;selectFlight&apos;<br/>
<br />
                  </div>
    

        <a href="javascript:toggleElement('exception-1', 'block')" title="Click to expand/collapse"><b>org.openqa.selenium.TimeoutException: Expected condition failed: waiting for visibility of Proxy element for: DefaultElementLocator &apos;By.xpath: .//*[@id=&apos;top&apos;]/div/div/div[3]/section/section/div/div[1]/div[1]/div/div[1]/h2&apos; (tried for 5 second(s) with 500 MILLISECONDS interval)</b></a><br />
    <div class="stackTrace" id="exception-1">
              org.openqa.selenium.support.ui.WebDriverWait.timeoutException(WebDriverWait.java:80)<br />
              org.openqa.selenium.support.ui.FluentWait.until(FluentWait.java:232)<br />
              by.artushevskaya.bookingTransAvia.pageobject.BookFlightPage.selectFlight(BookFlightPage.java:71)<br />
              by.artushevskaya.bookingTransAvia.test.MainTest.checkingTotalCostTickets(MainTest.java:107)<br />
              sun.reflect.NativeMethodAccessorImpl.invoke0(Native Method)<br />
              sun.reflect.NativeMethodAccessorImpl.invoke(NativeMethodAccessorImpl.java:62)<br />
              sun.reflect.DelegatingMethodAccessorImpl.invoke(DelegatingMethodAccessorImpl.java:43)<br />
              java.lang.reflect.Method.invoke(Method.java:498)<br />
              org.testng.internal.MethodInvocationHelper.invokeMethod(MethodInvocationHelper.java:108)<br />
              org.testng.internal.Invoker.invokeMethod(Invoker.java:661)<br />
              org.testng.internal.Invoker.invokeTestMethod(Invoker.java:869)<br />
              org.testng.internal.Invoker.invokeTestMethods(Invoker.java:1193)<br />
              org.testng.internal.TestMethodWorker.invokeTestMethods(TestMethodWorker.java:126)<br />
              org.testng.internal.TestMethodWorker.run(TestMethodWorker.java:109)<br />
              org.testng.TestRunner.privateRun(TestRunner.java:744)<br />
              org.testng.TestRunner.run(TestRunner.java:602)<br />
              org.testng.SuiteRunner.runTest(SuiteRunner.java:380)<br />
              org.testng.SuiteRunner.runSequentially(SuiteRunner.java:375)<br />
              org.testng.SuiteRunner.privateRun(SuiteRunner.java:340)<br />
              org.testng.SuiteRunner.run(SuiteRunner.java:289)<br />
              org.testng.SuiteRunnerWorker.runSuite(SuiteRunnerWorker.java:52)<br />
              org.testng.SuiteRunnerWorker.run(SuiteRunnerWorker.java:86)<br />
              org.testng.TestNG.runSuitesSequentially(TestNG.java:1301)<br />
              org.testng.TestNG.runSuitesLocally(TestNG.java:1226)<br />
              org.testng.TestNG.runSuites(TestNG.java:1144)<br />
              org.testng.TestNG.run(TestNG.java:1115)<br />
              org.testng.remote.AbstractRemoteTestNG.run(AbstractRemoteTestNG.java:114)<br />
              org.testng.remote.RemoteTestNG.initAndRun(RemoteTestNG.java:251)<br />
              org.testng.remote.RemoteTestNG.main(RemoteTestNG.java:77)<br />
                    <b>Caused by: </b> <a href="javascript:toggleElement('exception-2', 'block')" title="Click to expand/collapse">org.openqa.selenium.NoSuchElementException: Unable to locate element: .//*[@id=&apos;top&apos;]/div/div/div[3]/section/section/div/div[1]/div[1]/div/div[1]/h2<br/>
For documentation on this error, please visit: http://seleniumhq.org/exceptions/no_such_element.html<br/>
Build info: version: &apos;3.5.3&apos;, revision: &apos;a88d25fe6b&apos;, time: &apos;2017-08-29T12:42:44.417Z&apos;<br/>
System info: host: &apos;ALLA-PC&apos;, ip: &apos;192.168.100.12&apos;, os.name: &apos;Windows 7&apos;, os.arch: &apos;amd64&apos;, os.version: &apos;6.1&apos;, java.version: &apos;1.8.0_121&apos;<br/>
Driver info: org.openqa.selenium.firefox.FirefoxDriver<br/>
Capabilities [{moz:profile=C:\Users\Alla\AppData\Local\Temp\rust_mozprofile.3fYGekVgQUZM, rotatable=false, timeouts={implicit=0, pageLoad=300000, script=30000}, pageLoadStrategy=normal, platform=XP, specificationLevel=0, moz:accessibilityChecks=false, acceptInsecureCerts=false, browserVersion=54.0, platformVersion=6.1, moz:processID=6424, browserName=firefox, javascriptEnabled=true, platformName=XP}]<br/>
Session ID: 7ce9a45a-fd51-44ec-8ca2-a1e0969af20a<br/>
*** Element info: {Using=xpath, value=.//*[@id=&apos;top&apos;]/div/div/div[3]/section/section/div/div[1]/div[1]/div/div[1]/h2}</a><br />
        <div class="stackTrace" id="exception-2">
                      sun.reflect.NativeConstructorAccessorImpl.newInstance0(Native Method)<br />
                      sun.reflect.NativeConstructorAccessorImpl.newInstance(NativeConstructorAccessorImpl.java:62)<br />
                      sun.reflect.DelegatingConstructorAccessorImpl.newInstance(DelegatingConstructorAccessorImpl.java:45)<br />
                      java.lang.reflect.Constructor.newInstance(Constructor.java:423)<br />
                      org.openqa.selenium.remote.http.W3CHttpResponseCodec.createException(W3CHttpResponseCodec.java:185)<br />
                      org.openqa.selenium.remote.http.W3CHttpResponseCodec.decode(W3CHttpResponseCodec.java:120)<br />
                      org.openqa.selenium.remote.http.W3CHttpResponseCodec.decode(W3CHttpResponseCodec.java:49)<br />
                      org.openqa.selenium.remote.HttpCommandExecutor.execute(HttpCommandExecutor.java:164)<br />
                      org.openqa.selenium.remote.service.DriverCommandExecutor.execute(DriverCommandExecutor.java:82)<br />
                      org.openqa.selenium.remote.RemoteWebDriver.execute(RemoteWebDriver.java:646)<br />
                      org.openqa.selenium.remote.RemoteWebDriver.findElement(RemoteWebDriver.java:416)<br />
                      org.openqa.selenium.remote.RemoteWebDriver.findElementByXPath(RemoteWebDriver.java:518)<br />
                      org.openqa.selenium.By$ByXPath.findElement(By.java:361)<br />
                      org.openqa.selenium.remote.RemoteWebDriver.findElement(RemoteWebDriver.java:408)<br />
                      org.openqa.selenium.support.pagefactory.DefaultElementLocator.findElement(DefaultElementLocator.java:69)<br />
                      org.openqa.selenium.support.pagefactory.internal.LocatingElementHandler.invoke(LocatingElementHandler.java:38)<br />
                      com.sun.proxy.$Proxy9.isDisplayed(Unknown Source)<br />
                      org.openqa.selenium.support.ui.ExpectedConditions.elementIfVisible(ExpectedConditions.java:302)<br />
                      org.openqa.selenium.support.ui.ExpectedConditions.access$100(ExpectedConditions.java:44)<br />
                      org.openqa.selenium.support.ui.ExpectedConditions$10.apply(ExpectedConditions.java:288)<br />
                      org.openqa.selenium.support.ui.ExpectedConditions$10.apply(ExpectedConditions.java:285)<br />
                      org.openqa.selenium.support.ui.FluentWait.until(FluentWait.java:209)<br />
                      by.artushevskaya.bookingTransAvia.pageobject.BookFlightPage.selectFlight(BookFlightPage.java:71)<br />
                      by.artushevskaya.bookingTransAvia.test.MainTest.checkingTotalCostTickets(MainTest.java:107)<br />
                      sun.reflect.NativeMethodAccessorImpl.invoke0(Native Method)<br />
                      sun.reflect.NativeMethodAccessorImpl.invoke(NativeMethodAccessorImpl.java:62)<br />
                      sun.reflect.DelegatingMethodAccessorImpl.invoke(DelegatingMethodAccessorImpl.java:43)<br />
                      java.lang.reflect.Method.invoke(Method.java:498)<br />
                      org.testng.internal.MethodInvocationHelper.invokeMethod(MethodInvocationHelper.java:108)<br />
                      org.testng.internal.Invoker.invokeMethod(Invoker.java:661)<br />
                      org.testng.internal.Invoker.invokeTestMethod(Invoker.java:869)<br />
                      org.testng.internal.Invoker.invokeTestMethods(Invoker.java:1193)<br />
                      org.testng.internal.TestMethodWorker.invokeTestMethods(TestMethodWorker.java:126)<br />
                      org.testng.internal.TestMethodWorker.run(TestMethodWorker.java:109)<br />
                      org.testng.TestRunner.privateRun(TestRunner.java:744)<br />
                      org.testng.TestRunner.run(TestRunner.java:602)<br />
                      org.testng.SuiteRunner.runTest(SuiteRunner.java:380)<br />
                      org.testng.SuiteRunner.runSequentially(SuiteRunner.java:375)<br />
                      org.testng.SuiteRunner.privateRun(SuiteRunner.java:340)<br />
                      org.testng.SuiteRunner.run(SuiteRunner.java:289)<br />
                      org.testng.SuiteRunnerWorker.runSuite(SuiteRunnerWorker.java:52)<br />
                      org.testng.SuiteRunnerWorker.run(SuiteRunnerWorker.java:86)<br />
                      org.testng.TestNG.runSuitesSequentially(TestNG.java:1301)<br />
                      org.testng.TestNG.runSuitesLocally(TestNG.java:1226)<br />
                      org.testng.TestNG.runSuites(TestNG.java:1144)<br />
                      org.testng.TestNG.run(TestNG.java:1115)<br />
                      org.testng.remote.AbstractRemoteTestNG.run(AbstractRemoteTestNG.java:114)<br />
                      org.testng.remote.RemoteTestNG.initAndRun(RemoteTestNG.java:251)<br />
                      org.testng.remote.RemoteTestNG.main(RemoteTestNG.java:77)<br />
                  </div>
          </div>
      </td>
</tr>
<tr>
  <td class="method">
                  compareTotalSumAndPaymentAmount
      </td>
  <td class="duration">
    6,629s
  </td>
  <td class="result">
        
    
            <div class="testOutput">
                         INFO&nbsp;&nbsp;&nbsp; MainTest# 172: test case ID4<br/>
<br />
                                 WARN&nbsp;&nbsp;&nbsp; MainTest# 174: start &apos;navigate&apos;<br/>
<br />
                                 INFO&nbsp;&nbsp;&nbsp; MainTest# 177: finish &apos;navigate&apos;<br/>
<br />
                                 WARN&nbsp;&nbsp;&nbsp; MainTest# 179: start &apos;loginBookingPage&apos;<br/>
<br />
                                 INFO&nbsp;&nbsp;&nbsp; MainTest# 181: finish &apos;loginBookingPage&apos;<br/>
<br />
                                 WARN&nbsp;&nbsp;&nbsp; MainTest# 183: start &apos;loginBooking&apos;<br/>
<br />
                  </div>
    

        <a href="javascript:toggleElement('exception-3', 'block')" title="Click to expand/collapse"><b>org.openqa.selenium.NoSuchElementException: Unable to locate element: #retrieveBookingByLastname_RecordLocator<br/>
For documentation on this error, please visit: http://seleniumhq.org/exceptions/no_such_element.html<br/>
Build info: version: &apos;3.5.3&apos;, revision: &apos;a88d25fe6b&apos;, time: &apos;2017-08-29T12:42:44.417Z&apos;<br/>
System info: host: &apos;ALLA-PC&apos;, ip: &apos;192.168.100.12&apos;, os.name: &apos;Windows 7&apos;, os.arch: &apos;amd64&apos;, os.version: &apos;6.1&apos;, java.version: &apos;1.8.0_121&apos;<br/>
Driver info: org.openqa.selenium.firefox.FirefoxDriver<br/>
Capabilities [{moz:profile=C:\Users\Alla\AppData\Local\Temp\rust_mozprofile.3fYGekVgQUZM, rotatable=false, timeouts={implicit=0, pageLoad=300000, script=30000}, pageLoadStrategy=normal, platform=XP, specificationLevel=0, moz:accessibilityChecks=false, acceptInsecureCerts=false, browserVersion=54.0, platformVersion=6.1, moz:processID=6424, browserName=firefox, javascriptEnabled=true, platformName=XP}]<br/>
Session ID: 7ce9a45a-fd51-44ec-8ca2-a1e0969af20a<br/>
*** Element info: {Using=id, value=retrieveBookingByLastname_RecordLocator}</b></a><br />
    <div class="stackTrace" id="exception-3">
              sun.reflect.NativeConstructorAccessorImpl.newInstance0(Native Method)<br />
              sun.reflect.NativeConstructorAccessorImpl.newInstance(NativeConstructorAccessorImpl.java:62)<br />
              sun.reflect.DelegatingConstructorAccessorImpl.newInstance(DelegatingConstructorAccessorImpl.java:45)<br />
              java.lang.reflect.Constructor.newInstance(Constructor.java:423)<br />
              org.openqa.selenium.remote.http.W3CHttpResponseCodec.createException(W3CHttpResponseCodec.java:185)<br />
              org.openqa.selenium.remote.http.W3CHttpResponseCodec.decode(W3CHttpResponseCodec.java:120)<br />
              org.openqa.selenium.remote.http.W3CHttpResponseCodec.decode(W3CHttpResponseCodec.java:49)<br />
              org.openqa.selenium.remote.HttpCommandExecutor.execute(HttpCommandExecutor.java:164)<br />
              org.openqa.selenium.remote.service.DriverCommandExecutor.execute(DriverCommandExecutor.java:82)<br />
              org.openqa.selenium.remote.RemoteWebDriver.execute(RemoteWebDriver.java:646)<br />
              org.openqa.selenium.remote.RemoteWebDriver.findElement(RemoteWebDriver.java:416)<br />
              org.openqa.selenium.remote.RemoteWebDriver.findElementById(RemoteWebDriver.java:462)<br />
              org.openqa.selenium.By$ById.findElement(By.java:218)<br />
              org.openqa.selenium.remote.RemoteWebDriver.findElement(RemoteWebDriver.java:408)<br />
              org.openqa.selenium.support.pagefactory.DefaultElementLocator.findElement(DefaultElementLocator.java:69)<br />
              org.openqa.selenium.support.pagefactory.internal.LocatingElementHandler.invoke(LocatingElementHandler.java:38)<br />
              com.sun.proxy.$Proxy9.sendKeys(Unknown Source)<br />
              by.artushevskaya.bookingTransAvia.pageobject.LoginBookingPage.loginBooking(LoginBookingPage.java:40)<br />
              by.artushevskaya.bookingTransAvia.test.MainTest.compareTotalSumAndPaymentAmount(MainTest.java:185)<br />
              sun.reflect.NativeMethodAccessorImpl.invoke0(Native Method)<br />
              sun.reflect.NativeMethodAccessorImpl.invoke(NativeMethodAccessorImpl.java:62)<br />
              sun.reflect.DelegatingMethodAccessorImpl.invoke(DelegatingMethodAccessorImpl.java:43)<br />
              java.lang.reflect.Method.invoke(Method.java:498)<br />
              org.testng.internal.MethodInvocationHelper.invokeMethod(MethodInvocationHelper.java:108)<br />
              org.testng.internal.Invoker.invokeMethod(Invoker.java:661)<br />
              org.testng.internal.Invoker.invokeTestMethod(Invoker.java:869)<br />
              org.testng.internal.Invoker.invokeTestMethods(Invoker.java:1193)<br />
              org.testng.internal.TestMethodWorker.invokeTestMethods(TestMethodWorker.java:126)<br />
              org.testng.internal.TestMethodWorker.run(TestMethodWorker.java:109)<br />
              org.testng.TestRunner.privateRun(TestRunner.java:744)<br />
              org.testng.TestRunner.run(TestRunner.java:602)<br />
              org.testng.SuiteRunner.runTest(SuiteRunner.java:380)<br />
              org.testng.SuiteRunner.runSequentially(SuiteRunner.java:375)<br />
              org.testng.SuiteRunner.privateRun(SuiteRunner.java:340)<br />
              org.testng.SuiteRunner.run(SuiteRunner.java:289)<br />
              org.testng.SuiteRunnerWorker.runSuite(SuiteRunnerWorker.java:52)<br />
              org.testng.SuiteRunnerWorker.run(SuiteRunnerWorker.java:86)<br />
              org.testng.TestNG.runSuitesSequentially(TestNG.java:1301)<br />
              org.testng.TestNG.runSuitesLocally(TestNG.java:1226)<br />
              org.testng.TestNG.runSuites(TestNG.java:1144)<br />
              org.testng.TestNG.run(TestNG.java:1115)<br />
              org.testng.remote.AbstractRemoteTestNG.run(AbstractRemoteTestNG.java:114)<br />
              org.testng.remote.RemoteTestNG.initAndRun(RemoteTestNG.java:251)<br />
              org.testng.remote.RemoteTestNG.main(RemoteTestNG.java:77)<br />
                </div>
      </td>
</tr>
      </table>


  <table class="resultsTable">
    <tr><th colspan="3" class="header passed">Passed Tests</th></tr>
          <tr>
        <td colspan="3" class="group">by.artushevskaya.bookingTransAvia.test.MainTest</td>
      </tr>
            
<tr>
  <td class="method">
                  checkingFlightAndArrival
      </td>
  <td class="duration">
    12,286s
  </td>
  <td class="result">
        
    
            <div class="testOutput">
                         INFO&nbsp;&nbsp;&nbsp; MainTest# 143: test case ID3<br/>
<br />
                                 WARN&nbsp;&nbsp;&nbsp; MainTest# 145: start &apos;navigate&apos;<br/>
<br />
                                 INFO&nbsp;&nbsp;&nbsp; MainTest# 148: finish &apos;navigate&apos;<br/>
<br />
                                 WARN&nbsp;&nbsp;&nbsp; MainTest# 150: start &apos;loginBookingPage&apos;<br/>
<br />
                                 INFO&nbsp;&nbsp;&nbsp; MainTest# 152: finish &apos;loginBookingPage&apos;<br/>
<br />
                                 WARN&nbsp;&nbsp;&nbsp; MainTest# 154: start &apos;loginBooking&apos;<br/>
<br />
                                 INFO&nbsp;&nbsp;&nbsp; MainTest# 157: finish &apos;loginBooking&apos;<br/>
<br />
                                 WARN&nbsp;&nbsp;&nbsp; MainTest# 159: start &apos;checkingFlightAndArrivalTime&apos;<br/>
<br />
                                 INFO&nbsp;&nbsp;&nbsp; MainTest# 162: flight was found!!<br/>
<br />
                                 INFO&nbsp;&nbsp;&nbsp; MainTest# 163: finish &apos;checkingFlightAndArrivalTime&apos;<br/>
<br />
                  </div>
    

      </td>
</tr>
<tr>
  <td class="method">
                  checkingRouteSearchPanel
      </td>
  <td class="duration">
    18,755s
  </td>
  <td class="result">
        
    
            <div class="testOutput">
                         INFO&nbsp;&nbsp;&nbsp; MainTest#&nbsp; 28: test case ID1<br/>
<br />
                                 WARN&nbsp;&nbsp;&nbsp; MainTest#&nbsp; 30: start &apos;navigate&apos;<br/>
<br />
                                 INFO&nbsp;&nbsp;&nbsp; BaseTest#&nbsp; 34: start &apos;navigate&apos;<br/>
<br />
                                 INFO&nbsp;&nbsp;&nbsp; BaseTest#&nbsp; 37: finish &apos;navigate&apos;<br/>
<br />
                                 INFO&nbsp;&nbsp;&nbsp; MainTest#&nbsp; 32: finish &apos;navigate&apos;<br/>
<br />
                                 WARN&nbsp;&nbsp;&nbsp; MainTest#&nbsp; 34: start &apos;selectLanguage&apos;<br/>
<br />
                                 INFO&nbsp;&nbsp;&nbsp; MainTest#&nbsp; 36: finish &apos;selectLanguage&apos;<br/>
<br />
                                 WARN&nbsp;&nbsp;&nbsp; MainTest#&nbsp; 38: start &apos;checkingRoutePanel&apos;<br/>
<br />
                                 INFO&nbsp;&nbsp;&nbsp; MainTest#&nbsp; 41: routeSearchPanel was enabled!!<br/>
<br />
                                 INFO&nbsp;&nbsp;&nbsp; MainTest#&nbsp; 42: finish &apos;checkingRoutePanel&apos;<br/>
<br />
                                 WARN&nbsp;&nbsp;&nbsp; MainTest#&nbsp; 44: start &apos;checkingDepartureStationField&apos;<br/>
<br />
                                 INFO&nbsp;&nbsp;&nbsp; MainTest#&nbsp; 46: departure station was selected!!<br/>
<br />
                                 INFO&nbsp;&nbsp;&nbsp; MainTest#&nbsp; 47: finish &apos;checkingDepartureStationField&apos;<br/>
<br />
                                 WARN&nbsp;&nbsp;&nbsp; MainTest#&nbsp; 49: start &apos;checkingArrivalStationField&apos;<br/>
<br />
                                 INFO&nbsp;&nbsp;&nbsp; MainTest#&nbsp; 51: arrival station was selected!!<br/>
<br />
                                 INFO&nbsp;&nbsp;&nbsp; MainTest#&nbsp; 52: finish &apos;checkingArrivalStationField&apos;<br/>
<br />
                                 WARN&nbsp;&nbsp;&nbsp; MainTest#&nbsp; 54: start &apos;checkingIsReturnFlightCheckbox&apos;<br/>
<br />
                                 INFO&nbsp;&nbsp;&nbsp; MainTest#&nbsp; 56: isReturnFlightCheckbox was unchecked and isReturnFlightField is empty!!<br/>
<br />
                                 INFO&nbsp;&nbsp;&nbsp; MainTest#&nbsp; 57: finish &apos;checkingIsReturnFlightCheckbox&apos;<br/>
<br />
                                 WARN&nbsp;&nbsp;&nbsp; MainTest#&nbsp; 59: start &apos;checkingPassengersInputField&apos;<br/>
<br />
                                 INFO&nbsp;&nbsp;&nbsp; MainTest#&nbsp; 61: passengersTogglepanel was enabled and passenger was selected!!<br/>
<br />
                                 INFO&nbsp;&nbsp;&nbsp; MainTest#&nbsp; 62: finish &apos;checkingPassengersInputField&apos;<br/>
<br />
                                 WARN&nbsp;&nbsp;&nbsp; MainTest#&nbsp; 64: start &apos;bookFlightPage&apos;<br/>
<br />
                                 INFO&nbsp;&nbsp;&nbsp; MainTest#&nbsp; 66: finish &apos;bookFlightPage&apos;<br/>
<br />
                                 WARN&nbsp;&nbsp;&nbsp; MainTest#&nbsp; 68: start &apos;checkingOutboundFlight&apos;<br/>
<br />
                                 INFO&nbsp;&nbsp;&nbsp; MainTest#&nbsp; 71: outbound flight enabled!!<br/>
<br />
                                 INFO&nbsp;&nbsp;&nbsp; MainTest#&nbsp; 72: finish &apos;checkingOutboundFlight&apos;<br/>
<br />
                  </div>
    

      </td>
</tr>
<tr>
  <td class="method">
                  checkingValidityLink
      </td>
  <td class="duration">
    12,188s
  </td>
  <td class="result">
        
    
            <div class="testOutput">
                         INFO&nbsp;&nbsp;&nbsp; MainTest# 285: test case ID5<br/>
<br />
                                 WARN&nbsp;&nbsp;&nbsp; MainTest# 287: start &apos;navigate&apos;<br/>
<br />
                                 INFO&nbsp;&nbsp;&nbsp; MainTest# 290: finish &apos;navigate&apos;<br/>
<br />
                                 WARN&nbsp;&nbsp;&nbsp; MainTest# 292: start &apos;handLuggageInformationPage&apos;<br/>
<br />
                                 INFO&nbsp;&nbsp;&nbsp; MainTest# 294: finish &apos;handLuggageInformationPage&apos;<br/>
<br />
                                 WARN&nbsp;&nbsp;&nbsp; MainTest# 296: start &apos;getVideoLink&apos;<br/>
<br />
                                 INFO&nbsp;&nbsp;&nbsp; MainTest# 299: hand luggage and Transavia video&apos;s link: https://www.youtube.com/embed/fQMuhniqWAg<br/>
<br />
                                 INFO&nbsp;&nbsp;&nbsp; MainTest# 300: finish &apos;getVideoLink&apos;<br/>
<br />
                                 WARN&nbsp;&nbsp;&nbsp; MainTest# 302: start &apos;handLuggageVideoPage&apos;<br/>
<br />
                                 INFO&nbsp;&nbsp;&nbsp; MainTest# 304: finish &apos;handLuggageVideoPage&apos;<br/>
<br />
                                 WARN&nbsp;&nbsp;&nbsp; MainTest# 306: start &apos;checkingVideoNameAndAuthor&apos;<br/>
<br />
                                 INFO&nbsp;&nbsp;&nbsp; MainTest# 309: finish &apos;checkingVideoNameAndAuthor&apos;<br/>
<br />
                  </div>
    

      </td>
</tr>
<tr>
  <td class="method">
                  flightsFromDubaiToAgadir
      </td>
  <td class="duration">
    8,412s
  </td>
  <td class="result">
        
    
            <div class="testOutput">
                         INFO&nbsp;&nbsp;&nbsp; MainTest# 205: test case ID8<br/>
<br />
                                 WARN&nbsp;&nbsp;&nbsp; MainTest# 207: start &apos;navigate&apos;<br/>
<br />
                                 INFO&nbsp;&nbsp;&nbsp; MainTest# 210: finish &apos;navigate&apos;<br/>
<br />
                                 WARN&nbsp;&nbsp;&nbsp; MainTest# 212: start &apos;fillingDepartureStationField&apos;<br/>
<br />
                                 INFO&nbsp;&nbsp;&nbsp; MainTest# 214: finish &apos;fillingDepartureStationField&apos;<br/>
<br />
                                 WARN&nbsp;&nbsp;&nbsp; MainTest# 216: start &apos;fillingArrivalStationField&apos;<br/>
<br />
                                 INFO&nbsp;&nbsp;&nbsp; MainTest# 218: finish &apos;fillingArrivalStationField&apos;<br/>
<br />
                                 WARN&nbsp;&nbsp;&nbsp; MainTest# 220: start &apos;bookFlightPage&apos;<br/>
<br />
                                 INFO&nbsp;&nbsp;&nbsp; MainTest# 222: finish &apos;bookFlightPage&apos;<br/>
<br />
                                 WARN&nbsp;&nbsp;&nbsp; MainTest# 224: start &apos;errorFlight&apos;<br/>
<br />
                                 INFO&nbsp;&nbsp;&nbsp; MainTest# 228: got error message!!<br/>
<br />
                                 INFO&nbsp;&nbsp;&nbsp; MainTest# 229: finish &apos;errorFlight&apos;<br/>
<br />
                  </div>
    

      </td>
</tr>
<tr>
  <td class="method">
                  searchTickets
      </td>
  <td class="duration">
    23,377s
  </td>
  <td class="result">
        
    
            <div class="testOutput">
                         INFO&nbsp;&nbsp;&nbsp; MainTest# 319: test case ID6<br/>
<br />
                                 WARN&nbsp;&nbsp;&nbsp; MainTest# 321: start &apos;navigate&apos;<br/>
<br />
                                 INFO&nbsp;&nbsp;&nbsp; MainTest# 324: finish &apos;navigate&apos;<br/>
<br />
                                 WARN&nbsp;&nbsp;&nbsp; MainTest# 326: start &apos;destinationsPage&apos;<br/>
<br />
                                 INFO&nbsp;&nbsp;&nbsp; MainTest# 328: finish &apos;destinationsPage&apos;<br/>
<br />
                                 WARN&nbsp;&nbsp;&nbsp; MainTest# 330: start &apos;bookFlightAdvancedSearchPage&apos;<br/>
<br />
                                 INFO&nbsp;&nbsp;&nbsp; MainTest# 333: finish &apos;bookFlightAdvancedSearchPage&apos;<br/>
<br />
                                 WARN&nbsp;&nbsp;&nbsp; MainTest# 335: start &apos;fillingDepartureStationField&apos;<br/>
<br />
                                 INFO&nbsp;&nbsp;&nbsp; MainTest# 338: finish &apos;fillingDepartureStationField&apos;<br/>
<br />
                                 WARN&nbsp;&nbsp;&nbsp; MainTest# 340: start &apos;searchBudgetFlight&apos;<br/>
<br />
                                 INFO&nbsp;&nbsp;&nbsp; MainTest# 342: finish &apos;searchBudgetFlight&apos;<br/>
<br />
                  </div>
    

      </td>
</tr>
      </table>
  
</body>
</html>
