<!DOCTYPE html PUBLIC "-//W3C//DTD XHTML 1.1//EN" "http://www.w3.org/TR/xhtml11/DTD/xhtml11.dtd">
<html xmlns="http://www.w3.org/1999/xhtml"><head><title>TestNG Report</title><style type="text/css">table {margin-bottom:10px;border-collapse:collapse;empty-cells:show}th,td {border:1px solid #009;padding:.25em .5em}th {vertical-align:bottom}td {vertical-align:top}table a {font-weight:bold}.stripe td {background-color: #E6EBF9}.num {text-align:right}.passedodd td {background-color: #3F3}.passedeven td {background-color: #0A0}.skippedodd td {background-color: #DDD}.skippedeven td {background-color: #CCC}.failedodd td,.attn {background-color: #F33}.failedeven td,.stripe .attn {background-color: #D00}.stacktrace {white-space:pre;font-family:monospace}.totop {font-size:85%;text-align:center;border-bottom:2px solid #000}</style></head><body><table><tr><th>Test</th><th># Passed</th><th># Skipped</th><th># Failed</th><th>Time (ms)</th><th>Included Groups</th><th>Excluded Groups</th></tr><tr><th colspan="7">Default suite</th></tr><tr><td><a href="#t0">Default test</a></td><td class="num">5</td><td class="num">0</td><td class="num attn">3</td><td class="num">146 559</td><td></td><td></td></tr></table><table id='summary'><thead><tr><th>Class</th><th>Method</th><th>Start</th><th>Time (ms)</th></tr></thead><tbody><tr><th colspan="4">Default suite</th></tr></tbody><tbody id="t0"><tr><th colspan="4">Default test &#8212; failed</th></tr><tr class="failedeven"><td rowspan="3">by.artushevskaya.bookingTransAvia.test.MainTest</td><td><a href="#m0">checkingCostMultipleDestinationsFlight</a></td><td rowspan="1">1505247008722</td><td rowspan="1">34546</td></tr><tr class="failedeven"><td><a href="#m1">checkingTotalCostTickets</a></td><td rowspan="1">1505246961041</td><td rowspan="1">20317</td></tr><tr class="failedeven"><td><a href="#m2">compareTotalSumAndPaymentAmount</a></td><td rowspan="1">1505246993667</td><td rowspan="1">6629</td></tr><tr><th colspan="4">Default test &#8212; passed</th></tr><tr class="passedeven"><td rowspan="5">by.artushevskaya.bookingTransAvia.test.MainTest</td><td><a href="#m3">checkingFlightAndArrival</a></td><td rowspan="1">1505246981378</td><td rowspan="1">12286</td></tr><tr class="passedeven"><td><a href="#m4">checkingRouteSearchPanel</a></td><td rowspan="1">1505246942279</td><td rowspan="1">18755</td></tr><tr class="passedeven"><td><a href="#m5">checkingValidityLink</a></td><td rowspan="1">1505247043278</td><td rowspan="1">12188</td></tr><tr class="passedeven"><td><a href="#m6">flightsFromDubaiToAgadir</a></td><td rowspan="1">1505247000307</td><td rowspan="1">8412</td></tr><tr class="passedeven"><td><a href="#m7">searchTickets</a></td><td rowspan="1">1505247055470</td><td rowspan="1">23377</td></tr></tbody></table><h2>Default test</h2><h3 id="m0">by.artushevskaya.bookingTransAvia.test.MainTest#checkingCostMultipleDestinationsFlight</h3><table class="result"><tr><th>Messages</th></tr><tr><td><div class="messages"> INFO    MainTest# 238: test case ID9
<br/> WARN    MainTest# 240: start 'navigate'
<br/> INFO    MainTest# 243: finish 'navigate'
<br/> WARN    MainTest# 245: start 'bookFlightMultipleDestinationsPage'
<br/> INFO    MainTest# 247: finish 'bookFlightMultipleDestinationsPage'
<br/> WARN    MainTest# 249: start 'fillingOutboundFlight'
<br/> INFO    MainTest# 254: finish 'fillingOutboundFlight'
<br/> WARN    MainTest# 256: start 'fillingInboundFlight'
<br/> INFO    MainTest# 259: finish 'fillingInboundFlight'
<br/> WARN    MainTest# 261: start 'search flight multiple destinations'
<br/> INFO    MainTest# 263: finish 'search flight multiple destinations'
<br/> WARN    MainTest# 265: start 'timingOutboundDepartureFlight'
<br/> INFO    MainTest# 267: finish 'timingOutboundDepartureFlight'
<br/> WARN    MainTest# 269: start 'timingInboundDepartureFlight'
<br/> INFO    MainTest# 271: finish 'timingInboundDepartureFlight'
<br/> WARN    MainTest# 273: start 'getTotalAmount'
</div></td></tr><tr><th>Exception</th></tr><tr><td><div class="stacktrace">org.openqa.selenium.NoSuchElementException: Unable to locate element: .//*[@id=&apos;top&apos;]/form/div[1]/div/footer/div/div/section/div/div/div[2]/div/div/div[2]
For documentation on this error, please visit: http://seleniumhq.org/exceptions/no_such_element.html
Build info: version: &apos;3.5.3&apos;, revision: &apos;a88d25fe6b&apos;, time: &apos;2017-08-29T12:42:44.417Z&apos;
System info: host: &apos;ALLA-PC&apos;, ip: &apos;192.168.100.12&apos;, os.name: &apos;Windows 7&apos;, os.arch: &apos;amd64&apos;, os.version: &apos;6.1&apos;, java.version: &apos;1.8.0_121&apos;
Driver info: org.openqa.selenium.firefox.FirefoxDriver
Capabilities [{moz:profile=C:\Users\Alla\AppData\Local\Temp\rust_mozprofile.3fYGekVgQUZM, rotatable=false, timeouts={implicit=0, pageLoad=300000, script=30000}, pageLoadStrategy=normal, platform=XP, specificationLevel=0, moz:accessibilityChecks=false, acceptInsecureCerts=false, browserVersion=54.0, platformVersion=6.1, moz:processID=6424, browserName=firefox, javascriptEnabled=true, platformName=XP}]
Session ID: 7ce9a45a-fd51-44ec-8ca2-a1e0969af20a
*** Element info: {Using=xpath, value=.//*[@id=&apos;top&apos;]/form/div[1]/div/footer/div/div/section/div/div/div[2]/div/div/div[2]}
	at sun.reflect.NativeConstructorAccessorImpl.newInstance0(Native Method)
	at sun.reflect.NativeConstructorAccessorImpl.newInstance(NativeConstructorAccessorImpl.java:62)
	at sun.reflect.DelegatingConstructorAccessorImpl.newInstance(DelegatingConstructorAccessorImpl.java:45)
	at java.lang.reflect.Constructor.newInstance(Constructor.java:423)
	at org.openqa.selenium.remote.http.W3CHttpResponseCodec.createException(W3CHttpResponseCodec.java:185)
	at org.openqa.selenium.remote.http.W3CHttpResponseCodec.decode(W3CHttpResponseCodec.java:120)
	at org.openqa.selenium.remote.http.W3CHttpResponseCodec.decode(W3CHttpResponseCodec.java:49)
	at org.openqa.selenium.remote.HttpCommandExecutor.execute(HttpCommandExecutor.java:164)
	at org.openqa.selenium.remote.service.DriverCommandExecutor.execute(DriverCommandExecutor.java:82)
	at org.openqa.selenium.remote.RemoteWebDriver.execute(RemoteWebDriver.java:646)
	at org.openqa.selenium.remote.RemoteWebDriver.findElement(RemoteWebDriver.java:416)
	at org.openqa.selenium.remote.RemoteWebDriver.findElementByXPath(RemoteWebDriver.java:518)
	at org.openqa.selenium.By$ByXPath.findElement(By.java:361)
	at org.openqa.selenium.remote.RemoteWebDriver.findElement(RemoteWebDriver.java:408)
	at org.openqa.selenium.support.pagefactory.DefaultElementLocator.findElement(DefaultElementLocator.java:69)
	at org.openqa.selenium.support.pagefactory.internal.LocatingElementHandler.invoke(LocatingElementHandler.java:38)
	at com.sun.proxy.$Proxy9.getText(Unknown Source)
	at by.artushevskaya.bookingTransAvia.pageobject.BookFlightMultipleDestinationsPage.getTotalAmount(BookFlightMultipleDestinationsPage.java:141)
	at by.artushevskaya.bookingTransAvia.test.MainTest.checkingCostMultipleDestinationsFlight(MainTest.java:274)
	at sun.reflect.NativeMethodAccessorImpl.invoke0(Native Method)
	at sun.reflect.NativeMethodAccessorImpl.invoke(NativeMethodAccessorImpl.java:62)
	at sun.reflect.DelegatingMethodAccessorImpl.invoke(DelegatingMethodAccessorImpl.java:43)
	at java.lang.reflect.Method.invoke(Method.java:498)
	at org.testng.internal.MethodInvocationHelper.invokeMethod(MethodInvocationHelper.java:108)
	at org.testng.internal.Invoker.invokeMethod(Invoker.java:661)
	at org.testng.internal.Invoker.invokeTestMethod(Invoker.java:869)
	at org.testng.internal.Invoker.invokeTestMethods(Invoker.java:1193)
	at org.testng.internal.TestMethodWorker.invokeTestMethods(TestMethodWorker.java:126)
	at org.testng.internal.TestMethodWorker.run(TestMethodWorker.java:109)
	at org.testng.TestRunner.privateRun(TestRunner.java:744)
	at org.testng.TestRunner.run(TestRunner.java:602)
	at org.testng.SuiteRunner.runTest(SuiteRunner.java:380)
	at org.testng.SuiteRunner.runSequentially(SuiteRunner.java:375)
	at org.testng.SuiteRunner.privateRun(SuiteRunner.java:340)
	at org.testng.SuiteRunner.run(SuiteRunner.java:289)
	at org.testng.SuiteRunnerWorker.runSuite(SuiteRunnerWorker.java:52)
	at org.testng.SuiteRunnerWorker.run(SuiteRunnerWorker.java:86)
	at org.testng.TestNG.runSuitesSequentially(TestNG.java:1301)
	at org.testng.TestNG.runSuitesLocally(TestNG.java:1226)
	at org.testng.TestNG.runSuites(TestNG.java:1144)
	at org.testng.TestNG.run(TestNG.java:1115)
	at org.testng.remote.AbstractRemoteTestNG.run(AbstractRemoteTestNG.java:114)
	at org.testng.remote.RemoteTestNG.initAndRun(RemoteTestNG.java:251)
	at org.testng.remote.RemoteTestNG.main(RemoteTestNG.java:77)
</div></td></tr></table><p class="totop"><a href="#summary">back to summary</a></p><h3 id="m1">by.artushevskaya.bookingTransAvia.test.MainTest#checkingTotalCostTickets</h3><table class="result"><tr><th>Messages</th></tr><tr><td><div class="messages"> INFO    MainTest#  82: test case ID2
<br/> WARN    MainTest#  84: start 'navigate'
<br/> INFO    MainTest#  87: finish 'navigate'
<br/> WARN    MainTest#  89: start 'fillingDepartureStationField'
<br/> INFO    MainTest#  91: finish 'fillingDepartureStationField'
<br/> WARN    MainTest#  93: start 'fillingArrivalStationField'
<br/> INFO    MainTest#  95: finish 'fillingArrivalStationField'
<br/> WARN    MainTest#  97: start 'inputPassengers'
<br/> INFO    MainTest#  99: finish 'inputPassengers'
<br/> WARN    MainTest# 101: start 'bookFlightPage'
<br/> INFO    MainTest# 103: finish 'bookFlightPage'
<br/> WARN    MainTest# 105: start 'selectFlight'
</div></td></tr><tr><th>Exception</th></tr><tr><td><div class="stacktrace">org.openqa.selenium.TimeoutException: Expected condition failed: waiting for visibility of Proxy element for: DefaultElementLocator &apos;By.xpath: .//*[@id=&apos;top&apos;]/div/div/div[3]/section/section/div/div[1]/div[1]/div/div[1]/h2&apos; (tried for 5 second(s) with 500 MILLISECONDS interval)
	at org.openqa.selenium.support.ui.WebDriverWait.timeoutException(WebDriverWait.java:80)
	at org.openqa.selenium.support.ui.FluentWait.until(FluentWait.java:232)
	at by.artushevskaya.bookingTransAvia.pageobject.BookFlightPage.selectFlight(BookFlightPage.java:71)
	at by.artushevskaya.bookingTransAvia.test.MainTest.checkingTotalCostTickets(MainTest.java:107)
	at sun.reflect.NativeMethodAccessorImpl.invoke0(Native Method)
	at sun.reflect.NativeMethodAccessorImpl.invoke(NativeMethodAccessorImpl.java:62)
	at sun.reflect.DelegatingMethodAccessorImpl.invoke(DelegatingMethodAccessorImpl.java:43)
	at java.lang.reflect.Method.invoke(Method.java:498)
	at org.testng.internal.MethodInvocationHelper.invokeMethod(MethodInvocationHelper.java:108)
	at org.testng.internal.Invoker.invokeMethod(Invoker.java:661)
	at org.testng.internal.Invoker.invokeTestMethod(Invoker.java:869)
	at org.testng.internal.Invoker.invokeTestMethods(Invoker.java:1193)
	at org.testng.internal.TestMethodWorker.invokeTestMethods(TestMethodWorker.java:126)
	at org.testng.internal.TestMethodWorker.run(TestMethodWorker.java:109)
	at org.testng.TestRunner.privateRun(TestRunner.java:744)
	at org.testng.TestRunner.run(TestRunner.java:602)
	at org.testng.SuiteRunner.runTest(SuiteRunner.java:380)
	at org.testng.SuiteRunner.runSequentially(SuiteRunner.java:375)
	at org.testng.SuiteRunner.privateRun(SuiteRunner.java:340)
	at org.testng.SuiteRunner.run(SuiteRunner.java:289)
	at org.testng.SuiteRunnerWorker.runSuite(SuiteRunnerWorker.java:52)
	at org.testng.SuiteRunnerWorker.run(SuiteRunnerWorker.java:86)
	at org.testng.TestNG.runSuitesSequentially(TestNG.java:1301)
	at org.testng.TestNG.runSuitesLocally(TestNG.java:1226)
	at org.testng.TestNG.runSuites(TestNG.java:1144)
	at org.testng.TestNG.run(TestNG.java:1115)
	at org.testng.remote.AbstractRemoteTestNG.run(AbstractRemoteTestNG.java:114)
	at org.testng.remote.RemoteTestNG.initAndRun(RemoteTestNG.java:251)
	at org.testng.remote.RemoteTestNG.main(RemoteTestNG.java:77)
Caused by: org.openqa.selenium.NoSuchElementException: Unable to locate element: .//*[@id=&apos;top&apos;]/div/div/div[3]/section/section/div/div[1]/div[1]/div/div[1]/h2
For documentation on this error, please visit: http://seleniumhq.org/exceptions/no_such_element.html
Build info: version: &apos;3.5.3&apos;, revision: &apos;a88d25fe6b&apos;, time: &apos;2017-08-29T12:42:44.417Z&apos;
System info: host: &apos;ALLA-PC&apos;, ip: &apos;192.168.100.12&apos;, os.name: &apos;Windows 7&apos;, os.arch: &apos;amd64&apos;, os.version: &apos;6.1&apos;, java.version: &apos;1.8.0_121&apos;
Driver info: org.openqa.selenium.firefox.FirefoxDriver
Capabilities [{moz:profile=C:\Users\Alla\AppData\Local\Temp\rust_mozprofile.3fYGekVgQUZM, rotatable=false, timeouts={implicit=0, pageLoad=300000, script=30000}, pageLoadStrategy=normal, platform=XP, specificationLevel=0, moz:accessibilityChecks=false, acceptInsecureCerts=false, browserVersion=54.0, platformVersion=6.1, moz:processID=6424, browserName=firefox, javascriptEnabled=true, platformName=XP}]
Session ID: 7ce9a45a-fd51-44ec-8ca2-a1e0969af20a
*** Element info: {Using=xpath, value=.//*[@id=&apos;top&apos;]/div/div/div[3]/section/section/div/div[1]/div[1]/div/div[1]/h2}
	at sun.reflect.NativeConstructorAccessorImpl.newInstance0(Native Method)
	at sun.reflect.NativeConstructorAccessorImpl.newInstance(NativeConstructorAccessorImpl.java:62)
	at sun.reflect.DelegatingConstructorAccessorImpl.newInstance(DelegatingConstructorAccessorImpl.java:45)
	at java.lang.reflect.Constructor.newInstance(Constructor.java:423)
	at org.openqa.selenium.remote.http.W3CHttpResponseCodec.createException(W3CHttpResponseCodec.java:185)
	at org.openqa.selenium.remote.http.W3CHttpResponseCodec.decode(W3CHttpResponseCodec.java:120)
	at org.openqa.selenium.remote.http.W3CHttpResponseCodec.decode(W3CHttpResponseCodec.java:49)
	at org.openqa.selenium.remote.HttpCommandExecutor.execute(HttpCommandExecutor.java:164)
	at org.openqa.selenium.remote.service.DriverCommandExecutor.execute(DriverCommandExecutor.java:82)
	at org.openqa.selenium.remote.RemoteWebDriver.execute(RemoteWebDriver.java:646)
	at org.openqa.selenium.remote.RemoteWebDriver.findElement(RemoteWebDriver.java:416)
	at org.openqa.selenium.remote.RemoteWebDriver.findElementByXPath(RemoteWebDriver.java:518)
	at org.openqa.selenium.By$ByXPath.findElement(By.java:361)
	at org.openqa.selenium.remote.RemoteWebDriver.findElement(RemoteWebDriver.java:408)
	at org.openqa.selenium.support.pagefactory.DefaultElementLocator.findElement(DefaultElementLocator.java:69)
	at org.openqa.selenium.support.pagefactory.internal.LocatingElementHandler.invoke(LocatingElementHandler.java:38)
	at com.sun.proxy.$Proxy9.isDisplayed(Unknown Source)
	at org.openqa.selenium.support.ui.ExpectedConditions.elementIfVisible(ExpectedConditions.java:302)
	at org.openqa.selenium.support.ui.ExpectedConditions.access$100(ExpectedConditions.java:44)
	at org.openqa.selenium.support.ui.ExpectedConditions$10.apply(ExpectedConditions.java:288)
	at org.openqa.selenium.support.ui.ExpectedConditions$10.apply(ExpectedConditions.java:285)
	at org.openqa.selenium.support.ui.FluentWait.until(FluentWait.java:209)
	... 27 more
</div></td></tr></table><p class="totop"><a href="#summary">back to summary</a></p><h3 id="m2">by.artushevskaya.bookingTransAvia.test.MainTest#compareTotalSumAndPaymentAmount</h3><table class="result"><tr><th>Messages</th></tr><tr><td><div class="messages"> INFO    MainTest# 172: test case ID4
<br/> WARN    MainTest# 174: start 'navigate'
<br/> INFO    MainTest# 177: finish 'navigate'
<br/> WARN    MainTest# 179: start 'loginBookingPage'
<br/> INFO    MainTest# 181: finish 'loginBookingPage'
<br/> WARN    MainTest# 183: start 'loginBooking'
</div></td></tr><tr><th>Exception</th></tr><tr><td><div class="stacktrace">org.openqa.selenium.NoSuchElementException: Unable to locate element: #retrieveBookingByLastname_RecordLocator
For documentation on this error, please visit: http://seleniumhq.org/exceptions/no_such_element.html
Build info: version: &apos;3.5.3&apos;, revision: &apos;a88d25fe6b&apos;, time: &apos;2017-08-29T12:42:44.417Z&apos;
System info: host: &apos;ALLA-PC&apos;, ip: &apos;192.168.100.12&apos;, os.name: &apos;Windows 7&apos;, os.arch: &apos;amd64&apos;, os.version: &apos;6.1&apos;, java.version: &apos;1.8.0_121&apos;
Driver info: org.openqa.selenium.firefox.FirefoxDriver
Capabilities [{moz:profile=C:\Users\Alla\AppData\Local\Temp\rust_mozprofile.3fYGekVgQUZM, rotatable=false, timeouts={implicit=0, pageLoad=300000, script=30000}, pageLoadStrategy=normal, platform=XP, specificationLevel=0, moz:accessibilityChecks=false, acceptInsecureCerts=false, browserVersion=54.0, platformVersion=6.1, moz:processID=6424, browserName=firefox, javascriptEnabled=true, platformName=XP}]
Session ID: 7ce9a45a-fd51-44ec-8ca2-a1e0969af20a
*** Element info: {Using=id, value=retrieveBookingByLastname_RecordLocator}
	at sun.reflect.NativeConstructorAccessorImpl.newInstance0(Native Method)
	at sun.reflect.NativeConstructorAccessorImpl.newInstance(NativeConstructorAccessorImpl.java:62)
	at sun.reflect.DelegatingConstructorAccessorImpl.newInstance(DelegatingConstructorAccessorImpl.java:45)
	at java.lang.reflect.Constructor.newInstance(Constructor.java:423)
	at org.openqa.selenium.remote.http.W3CHttpResponseCodec.createException(W3CHttpResponseCodec.java:185)
	at org.openqa.selenium.remote.http.W3CHttpResponseCodec.decode(W3CHttpResponseCodec.java:120)
	at org.openqa.selenium.remote.http.W3CHttpResponseCodec.decode(W3CHttpResponseCodec.java:49)
	at org.openqa.selenium.remote.HttpCommandExecutor.execute(HttpCommandExecutor.java:164)
	at org.openqa.selenium.remote.service.DriverCommandExecutor.execute(DriverCommandExecutor.java:82)
	at org.openqa.selenium.remote.RemoteWebDriver.execute(RemoteWebDriver.java:646)
	at org.openqa.selenium.remote.RemoteWebDriver.findElement(RemoteWebDriver.java:416)
	at org.openqa.selenium.remote.RemoteWebDriver.findElementById(RemoteWebDriver.java:462)
	at org.openqa.selenium.By$ById.findElement(By.java:218)
	at org.openqa.selenium.remote.RemoteWebDriver.findElement(RemoteWebDriver.java:408)
	at org.openqa.selenium.support.pagefactory.DefaultElementLocator.findElement(DefaultElementLocator.java:69)
	at org.openqa.selenium.support.pagefactory.internal.LocatingElementHandler.invoke(LocatingElementHandler.java:38)
	at com.sun.proxy.$Proxy9.sendKeys(Unknown Source)
	at by.artushevskaya.bookingTransAvia.pageobject.LoginBookingPage.loginBooking(LoginBookingPage.java:40)
	at by.artushevskaya.bookingTransAvia.test.MainTest.compareTotalSumAndPaymentAmount(MainTest.java:185)
	at sun.reflect.NativeMethodAccessorImpl.invoke0(Native Method)
	at sun.reflect.NativeMethodAccessorImpl.invoke(NativeMethodAccessorImpl.java:62)
	at sun.reflect.DelegatingMethodAccessorImpl.invoke(DelegatingMethodAccessorImpl.java:43)
	at java.lang.reflect.Method.invoke(Method.java:498)
	at org.testng.internal.MethodInvocationHelper.invokeMethod(MethodInvocationHelper.java:108)
	at org.testng.internal.Invoker.invokeMethod(Invoker.java:661)
	at org.testng.internal.Invoker.invokeTestMethod(Invoker.java:869)
	at org.testng.internal.Invoker.invokeTestMethods(Invoker.java:1193)
	at org.testng.internal.TestMethodWorker.invokeTestMethods(TestMethodWorker.java:126)
	at org.testng.internal.TestMethodWorker.run(TestMethodWorker.java:109)
	at org.testng.TestRunner.privateRun(TestRunner.java:744)
	at org.testng.TestRunner.run(TestRunner.java:602)
	at org.testng.SuiteRunner.runTest(SuiteRunner.java:380)
	at org.testng.SuiteRunner.runSequentially(SuiteRunner.java:375)
	at org.testng.SuiteRunner.privateRun(SuiteRunner.java:340)
	at org.testng.SuiteRunner.run(SuiteRunner.java:289)
	at org.testng.SuiteRunnerWorker.runSuite(SuiteRunnerWorker.java:52)
	at org.testng.SuiteRunnerWorker.run(SuiteRunnerWorker.java:86)
	at org.testng.TestNG.runSuitesSequentially(TestNG.java:1301)
	at org.testng.TestNG.runSuitesLocally(TestNG.java:1226)
	at org.testng.TestNG.runSuites(TestNG.java:1144)
	at org.testng.TestNG.run(TestNG.java:1115)
	at org.testng.remote.AbstractRemoteTestNG.run(AbstractRemoteTestNG.java:114)
	at org.testng.remote.RemoteTestNG.initAndRun(RemoteTestNG.java:251)
	at org.testng.remote.RemoteTestNG.main(RemoteTestNG.java:77)
</div></td></tr></table><p class="totop"><a href="#summary">back to summary</a></p><h3 id="m3">by.artushevskaya.bookingTransAvia.test.MainTest#checkingFlightAndArrival</h3><table class="result"><tr><th>Messages</th></tr><tr><td><div class="messages"> INFO    MainTest# 143: test case ID3
<br/> WARN    MainTest# 145: start 'navigate'
<br/> INFO    MainTest# 148: finish 'navigate'
<br/> WARN    MainTest# 150: start 'loginBookingPage'
<br/> INFO    MainTest# 152: finish 'loginBookingPage'
<br/> WARN    MainTest# 154: start 'loginBooking'
<br/> INFO    MainTest# 157: finish 'loginBooking'
<br/> WARN    MainTest# 159: start 'checkingFlightAndArrivalTime'
<br/> INFO    MainTest# 162: flight was found!!
<br/> INFO    MainTest# 163: finish 'checkingFlightAndArrivalTime'
</div></td></tr></table><p class="totop"><a href="#summary">back to summary</a></p><h3 id="m4">by.artushevskaya.bookingTransAvia.test.MainTest#checkingRouteSearchPanel</h3><table class="result"><tr><th>Messages</th></tr><tr><td><div class="messages"> INFO    MainTest#  28: test case ID1
<br/> WARN    MainTest#  30: start 'navigate'
<br/> INFO    BaseTest#  34: start 'navigate'
<br/> INFO    BaseTest#  37: finish 'navigate'
<br/> INFO    MainTest#  32: finish 'navigate'
<br/> WARN    MainTest#  34: start 'selectLanguage'
<br/> INFO    MainTest#  36: finish 'selectLanguage'
<br/> WARN    MainTest#  38: start 'checkingRoutePanel'
<br/> INFO    MainTest#  41: routeSearchPanel was enabled!!
<br/> INFO    MainTest#  42: finish 'checkingRoutePanel'
<br/> WARN    MainTest#  44: start 'checkingDepartureStationField'
<br/> INFO    MainTest#  46: departure station was selected!!
<br/> INFO    MainTest#  47: finish 'checkingDepartureStationField'
<br/> WARN    MainTest#  49: start 'checkingArrivalStationField'
<br/> INFO    MainTest#  51: arrival station was selected!!
<br/> INFO    MainTest#  52: finish 'checkingArrivalStationField'
<br/> WARN    MainTest#  54: start 'checkingIsReturnFlightCheckbox'
<br/> INFO    MainTest#  56: isReturnFlightCheckbox was unchecked and isReturnFlightField is empty!!
<br/> INFO    MainTest#  57: finish 'checkingIsReturnFlightCheckbox'
<br/> WARN    MainTest#  59: start 'checkingPassengersInputField'
<br/> INFO    MainTest#  61: passengersTogglepanel was enabled and passenger was selected!!
<br/> INFO    MainTest#  62: finish 'checkingPassengersInputField'
<br/> WARN    MainTest#  64: start 'bookFlightPage'
<br/> INFO    MainTest#  66: finish 'bookFlightPage'
<br/> WARN    MainTest#  68: start 'checkingOutboundFlight'
<br/> INFO    MainTest#  71: outbound flight enabled!!
<br/> INFO    MainTest#  72: finish 'checkingOutboundFlight'
</div></td></tr></table><p class="totop"><a href="#summary">back to summary</a></p><h3 id="m5">by.artushevskaya.bookingTransAvia.test.MainTest#checkingValidityLink</h3><table class="result"><tr><th>Messages</th></tr><tr><td><div class="messages"> INFO    MainTest# 285: test case ID5
<br/> WARN    MainTest# 287: start 'navigate'
<br/> INFO    MainTest# 290: finish 'navigate'
<br/> WARN    MainTest# 292: start 'handLuggageInformationPage'
<br/> INFO    MainTest# 294: finish 'handLuggageInformationPage'
<br/> WARN    MainTest# 296: start 'getVideoLink'
<br/> INFO    MainTest# 299: hand luggage and Transavia video's link: https://www.youtube.com/embed/fQMuhniqWAg
<br/> INFO    MainTest# 300: finish 'getVideoLink'
<br/> WARN    MainTest# 302: start 'handLuggageVideoPage'
<br/> INFO    MainTest# 304: finish 'handLuggageVideoPage'
<br/> WARN    MainTest# 306: start 'checkingVideoNameAndAuthor'
<br/> INFO    MainTest# 309: finish 'checkingVideoNameAndAuthor'
</div></td></tr></table><p class="totop"><a href="#summary">back to summary</a></p><h3 id="m6">by.artushevskaya.bookingTransAvia.test.MainTest#flightsFromDubaiToAgadir</h3><table class="result"><tr><th>Messages</th></tr><tr><td><div class="messages"> INFO    MainTest# 205: test case ID8
<br/> WARN    MainTest# 207: start 'navigate'
<br/> INFO    MainTest# 210: finish 'navigate'
<br/> WARN    MainTest# 212: start 'fillingDepartureStationField'
<br/> INFO    MainTest# 214: finish 'fillingDepartureStationField'
<br/> WARN    MainTest# 216: start 'fillingArrivalStationField'
<br/> INFO    MainTest# 218: finish 'fillingArrivalStationField'
<br/> WARN    MainTest# 220: start 'bookFlightPage'
<br/> INFO    MainTest# 222: finish 'bookFlightPage'
<br/> WARN    MainTest# 224: start 'errorFlight'
<br/> INFO    MainTest# 228: got error message!!
<br/> INFO    MainTest# 229: finish 'errorFlight'
</div></td></tr></table><p class="totop"><a href="#summary">back to summary</a></p><h3 id="m7">by.artushevskaya.bookingTransAvia.test.MainTest#searchTickets</h3><table class="result"><tr><th>Messages</th></tr><tr><td><div class="messages"> INFO    MainTest# 319: test case ID6
<br/> WARN    MainTest# 321: start 'navigate'
<br/> INFO    MainTest# 324: finish 'navigate'
<br/> WARN    MainTest# 326: start 'destinationsPage'
<br/> INFO    MainTest# 328: finish 'destinationsPage'
<br/> WARN    MainTest# 330: start 'bookFlightAdvancedSearchPage'
<br/> INFO    MainTest# 333: finish 'bookFlightAdvancedSearchPage'
<br/> WARN    MainTest# 335: start 'fillingDepartureStationField'
<br/> INFO    MainTest# 338: finish 'fillingDepartureStationField'
<br/> WARN    MainTest# 340: start 'searchBudgetFlight'
<br/> INFO    MainTest# 342: finish 'searchBudgetFlight'
</div></td></tr></table><p class="totop"><a href="#summary">back to summary</a></p></body></html>